12:14:47.775 [main] INFO  org.testng.internal.Utils - [TestNG] Running:
  C:\Users\manoj.kumar\eclipse-workspace\rahulshetty\crossbrowsertesting.xml

12:14:50.891 [TestNG-tests-1] INFO  rahulshetty.testCases.TC001_UserRegister - BeforeClass is executed...
12:14:50.936 [TestNG-tests-1] INFO  rahulshetty.testCases.TC001_UserRegister - ****Starting TC001_UserRegisterTest****
12:14:51.317 [TestNG-tests-1] INFO  rahulshetty.testCases.TC001_UserRegister - Clicked on Register button
12:14:51.345 [TestNG-tests-1] INFO  rahulshetty.testCases.TC001_UserRegister - Providing user details...
12:15:03.102 [TestNG-tests-1] ERROR rahulshetty.testCases.TC001_UserRegister - Test Failed...
12:15:03.175 [TestNG-tests-2] INFO  rahulshetty.testCases.TC001_UserRegister - BeforeClass is executed...
12:15:03.181 [TestNG-tests-2] INFO  rahulshetty.testCases.TC001_UserRegister - ****Starting TC001_UserRegisterTest****
12:15:03.251 [TestNG-tests-2] ERROR rahulshetty.testCases.TC001_UserRegister - Test Failed...
12:15:04.490 [TestNG-tests-1] INFO  rahulshetty.testCases.TC001_UserRegister - AfterClass is executed...
12:16:59.487 [main] INFO  org.testng.internal.Utils - [TestNG] Running:
  C:\Users\manoj.kumar\eclipse-workspace\rahulshetty\grouping.xml

12:17:03.741 [main] INFO  rahulshetty.testCases.TC002_LoginTest - BeforeClass is executed...
12:17:03.770 [main] INFO  rahulshetty.testCases.TC002_LoginTest - -->Starting TC002_LoginTest
12:17:04.306 [main] INFO  rahulshetty.testCases.TC002_LoginTest - login user account...
12:17:04.430 [main] INFO  rahulshetty.testCases.TC002_LoginTest - Logout user account...
12:17:04.430 [main] INFO  rahulshetty.testCases.TC002_LoginTest - -->Finished TC002_LoginTest
12:17:38.252 [main] INFO  org.testng.internal.Utils - [TestNG] Running:
  C:\Users\manoj.kumar\eclipse-workspace\rahulshetty\grouping.xml

12:17:42.105 [main] INFO  rahulshetty.testCases.TC001_UserRegister - BeforeClass is executed...
12:17:42.137 [main] INFO  rahulshetty.testCases.TC001_UserRegister - ****Starting TC001_UserRegisterTest****
12:17:42.330 [main] INFO  rahulshetty.testCases.TC001_UserRegister - Clicked on Register button
12:17:42.332 [main] INFO  rahulshetty.testCases.TC001_UserRegister - Providing user details...
12:17:43.258 [main] INFO  rahulshetty.testCases.TC001_UserRegister - Filled all the details..
12:17:43.676 [main] INFO  rahulshetty.testCases.TC001_UserRegister - Registation successfully completed.
12:17:43.676 [main] INFO  rahulshetty.testCases.TC001_UserRegister - Validating Expected Message...
12:17:43.972 [main] INFO  rahulshetty.testCases.TC001_UserRegister - ****Finished TC001_UserRegisterTest****
12:17:46.631 [main] INFO  rahulshetty.testCases.TC002_LoginTest - BeforeClass is executed...
12:17:46.634 [main] INFO  rahulshetty.testCases.TC002_LoginTest - -->Starting TC002_LoginTest
12:17:47.303 [main] INFO  rahulshetty.testCases.TC002_LoginTest - login user account...
12:17:47.453 [main] INFO  rahulshetty.testCases.TC002_LoginTest - Logout user account...
12:17:47.453 [main] INFO  rahulshetty.testCases.TC002_LoginTest - -->Finished TC002_LoginTest
12:36:59.784 [main] INFO  org.testng.internal.Utils - [TestNG] Running:
  C:\Users\manoj.kumar\eclipse-workspace\rahulshetty\grouping.xml

12:37:03.795 [main] INFO  rahulshetty.testCases.TC001_UserRegister - BeforeClass is executed...
12:37:03.829 [main] INFO  rahulshetty.testCases.TC001_UserRegister - ****Starting TC001_UserRegisterTest****
12:37:04.014 [main] INFO  rahulshetty.testCases.TC001_UserRegister - Clicked on Register button
12:37:04.017 [main] INFO  rahulshetty.testCases.TC001_UserRegister - Providing user details...
12:37:05.017 [main] INFO  rahulshetty.testCases.TC001_UserRegister - Filled all the details..
12:37:05.423 [main] INFO  rahulshetty.testCases.TC001_UserRegister - Registation successfully completed.
12:37:05.423 [main] INFO  rahulshetty.testCases.TC001_UserRegister - Validating Expected Message...
12:37:05.730 [main] INFO  rahulshetty.testCases.TC001_UserRegister - ****Finished TC001_UserRegisterTest****
12:37:08.539 [main] INFO  rahulshetty.testCases.TC002_LoginTest - BeforeClass is executed...
12:37:08.542 [main] INFO  rahulshetty.testCases.TC002_LoginTest - -->Starting TC002_LoginTest
12:37:09.180 [main] INFO  rahulshetty.testCases.TC002_LoginTest - login user account...
12:37:09.283 [main] INFO  rahulshetty.testCases.TC002_LoginTest - Logout user account...
12:37:09.283 [main] INFO  rahulshetty.testCases.TC002_LoginTest - -->Finished TC002_LoginTest
12:44:15.091 [main] INFO  org.testng.internal.Utils - [TestNG] Running:
  C:\Users\manoj.kumar\eclipse-workspace\rahulshetty\master.xml

12:44:21.786 [main] INFO  rahulshetty.testCases.TC001_UserRegister - BeforeClass is executed...
12:44:21.806 [main] INFO  rahulshetty.testCases.TC001_UserRegister - ****Starting TC001_UserRegisterTest****
12:44:21.993 [main] INFO  rahulshetty.testCases.TC001_UserRegister - Clicked on Register button
12:44:21.995 [main] INFO  rahulshetty.testCases.TC001_UserRegister - Providing user details...
12:44:22.962 [main] INFO  rahulshetty.testCases.TC001_UserRegister - Filled all the details..
12:44:23.434 [main] INFO  rahulshetty.testCases.TC001_UserRegister - Registration successfully completed.
12:44:23.435 [main] INFO  rahulshetty.testCases.TC001_UserRegister - Validating Expected Message...
12:44:32.227 [main] INFO  org.testng.internal.Utils - [TestNG] Running:
  C:\Users\manoj.kumar\eclipse-workspace\rahulshetty\master.xml

12:44:36.812 [main] INFO  rahulshetty.testCases.TC001_UserRegister - BeforeClass is executed...
12:44:36.834 [main] INFO  rahulshetty.testCases.TC001_UserRegister - ****Starting TC001_UserRegisterTest****
12:44:37.024 [main] INFO  rahulshetty.testCases.TC001_UserRegister - Clicked on Register button
12:44:37.026 [main] INFO  rahulshetty.testCases.TC001_UserRegister - Providing user details...
12:44:37.953 [main] INFO  rahulshetty.testCases.TC001_UserRegister - Filled all the details..
12:44:38.378 [main] INFO  rahulshetty.testCases.TC001_UserRegister - Registration successfully completed.
12:44:38.378 [main] INFO  rahulshetty.testCases.TC001_UserRegister - Validating Expected Message...
12:44:38.690 [main] INFO  rahulshetty.testCases.TC001_UserRegister - ****Finished TC001_UserRegisterTest****
12:44:39.993 [main] INFO  rahulshetty.testCases.TC001_UserRegister - AfterClass is executed...
12:44:44.009 [main] INFO  rahulshetty.testCases.TC002_LoginTest - BeforeClass is executed...
12:44:44.015 [main] INFO  rahulshetty.testCases.TC002_LoginTest - -->Starting TC002_LoginTest
12:44:44.562 [main] INFO  rahulshetty.testCases.TC002_LoginTest - login user account...
12:44:44.700 [main] INFO  rahulshetty.testCases.TC002_LoginTest - Logout user account...
12:44:44.701 [main] INFO  rahulshetty.testCases.TC002_LoginTest - -->Finished TC002_LoginTest
12:44:45.979 [main] INFO  rahulshetty.testCases.TC002_LoginTest - AfterClass is executed...
12:45:02.582 [main] INFO  org.testng.internal.Utils - [TestNG] Running:
  C:\Users\manoj.kumar\eclipse-workspace\rahulshetty\grouping.xml

12:45:06.442 [main] INFO  rahulshetty.testCases.TC001_UserRegister - BeforeClass is executed...
12:45:06.469 [main] INFO  rahulshetty.testCases.TC001_UserRegister - ****Starting TC001_UserRegisterTest****
12:45:06.644 [main] INFO  rahulshetty.testCases.TC001_UserRegister - Clicked on Register button
12:45:06.647 [main] INFO  rahulshetty.testCases.TC001_UserRegister - Providing user details...
12:45:07.591 [main] INFO  rahulshetty.testCases.TC001_UserRegister - Filled all the details..
12:45:08.004 [main] INFO  rahulshetty.testCases.TC001_UserRegister - Registration successfully completed.
12:45:08.004 [main] INFO  rahulshetty.testCases.TC001_UserRegister - Validating Expected Message...
12:45:08.287 [main] INFO  rahulshetty.testCases.TC001_UserRegister - ****Finished TC001_UserRegisterTest****
12:45:11.719 [main] INFO  rahulshetty.testCases.TC002_LoginTest - BeforeClass is executed...
12:45:11.720 [main] INFO  rahulshetty.testCases.TC002_LoginTest - -->Starting TC002_LoginTest
12:45:12.326 [main] INFO  rahulshetty.testCases.TC002_LoginTest - login user account...
12:45:12.445 [main] INFO  rahulshetty.testCases.TC002_LoginTest - Logout user account...
12:45:12.445 [main] INFO  rahulshetty.testCases.TC002_LoginTest - -->Finished TC002_LoginTest
12:52:06.982 [main] INFO  org.testng.internal.Utils - [TestNG] Running:
  C:\Users\manoj.kumar\eclipse-workspace\rahulshetty\grouping.xml

12:52:15.004 [main] INFO  rahulshetty.testCases.TC001_UserRegister - BeforeClass is executed...
12:52:15.032 [main] INFO  rahulshetty.testCases.TC001_UserRegister - ****Starting TC001_UserRegisterTest****
12:52:15.223 [main] INFO  rahulshetty.testCases.TC001_UserRegister - Clicked on Register button
12:52:15.226 [main] INFO  rahulshetty.testCases.TC001_UserRegister - Providing user details...
12:52:16.188 [main] INFO  rahulshetty.testCases.TC001_UserRegister - Filled all the details..
12:52:16.605 [main] INFO  rahulshetty.testCases.TC001_UserRegister - Registration successfully completed.
12:52:16.605 [main] INFO  rahulshetty.testCases.TC001_UserRegister - Validating Expected Message...
12:53:09.482 [main] INFO  org.testng.internal.Utils - [TestNG] Running:
  C:\Users\manoj.kumar\eclipse-workspace\rahulshetty\grouping.xml

12:53:12.590 [main] INFO  rahulshetty.testCases.TC001_UserRegister - BeforeClass is executed...
12:53:12.615 [main] INFO  rahulshetty.testCases.TC001_UserRegister - ****Starting TC001_UserRegisterTest****
12:53:12.798 [main] INFO  rahulshetty.testCases.TC001_UserRegister - Clicked on Register button
12:53:12.802 [main] INFO  rahulshetty.testCases.TC001_UserRegister - Providing user details...
12:53:13.713 [main] INFO  rahulshetty.testCases.TC001_UserRegister - Filled all the details..
12:53:14.123 [main] INFO  rahulshetty.testCases.TC001_UserRegister - Registration successfully completed.
12:53:14.123 [main] INFO  rahulshetty.testCases.TC001_UserRegister - Validating Expected Message...
12:53:14.431 [main] INFO  rahulshetty.testCases.TC001_UserRegister - ****Finished TC001_UserRegisterTest****
12:53:17.283 [main] INFO  rahulshetty.testCases.TC002_LoginTest - BeforeClass is executed...
12:53:17.286 [main] INFO  rahulshetty.testCases.TC002_LoginTest - -->Starting TC002_LoginTest
12:53:17.895 [main] INFO  rahulshetty.testCases.TC002_LoginTest - login user account...
12:53:18.027 [main] INFO  rahulshetty.testCases.TC002_LoginTest - Logout user account...
12:53:18.027 [main] INFO  rahulshetty.testCases.TC002_LoginTest - -->Finished TC002_LoginTest
12:55:56.617 [main] INFO  org.testng.internal.Utils - [TestNG] Running:
  C:\Users\manoj.kumar\eclipse-workspace\rahulshetty\grouping.xml

12:55:59.672 [main] INFO  rahulshetty.testCases.TC001_UserRegister - BeforeClass is executed...
12:55:59.691 [main] INFO  rahulshetty.testCases.TC001_UserRegister - ****Starting TC001_UserRegisterTest****
12:55:59.875 [main] INFO  rahulshetty.testCases.TC001_UserRegister - Clicked on Register button
12:55:59.877 [main] INFO  rahulshetty.testCases.TC001_UserRegister - Providing user details...
12:56:00.800 [main] INFO  rahulshetty.testCases.TC001_UserRegister - Filled all the details..
12:56:01.235 [main] INFO  rahulshetty.testCases.TC001_UserRegister - Registration successfully completed.
12:56:01.235 [main] INFO  rahulshetty.testCases.TC001_UserRegister - Validating Expected Message...
12:56:01.564 [main] INFO  rahulshetty.testCases.TC001_UserRegister - ****Finished TC001_UserRegisterTest****
12:56:04.095 [main] INFO  rahulshetty.testCases.TC002_LoginTest - BeforeClass is executed...
12:56:04.097 [main] INFO  rahulshetty.testCases.TC002_LoginTest - -->Starting TC002_LoginTest
12:56:04.685 [main] INFO  rahulshetty.testCases.TC002_LoginTest - login user account...
12:56:04.827 [main] INFO  rahulshetty.testCases.TC002_LoginTest - Logout user account...
12:56:04.827 [main] INFO  rahulshetty.testCases.TC002_LoginTest - -->Finished TC002_LoginTest
12:58:30.298 [main] INFO  org.testng.internal.Utils - [TestNG] Running:
  C:\Users\manoj.kumar\eclipse-workspace\rahulshetty\grouping.xml

12:58:34.470 [main] INFO  rahulshetty.testCases.TC001_UserRegister - BeforeClass is executed...
12:58:34.499 [main] INFO  rahulshetty.testCases.TC001_UserRegister - ****Starting TC001_UserRegisterTest****
12:58:34.691 [main] INFO  rahulshetty.testCases.TC001_UserRegister - Clicked on Register button
12:58:34.695 [main] INFO  rahulshetty.testCases.TC001_UserRegister - Providing user details...
12:58:35.582 [main] INFO  rahulshetty.testCases.TC001_UserRegister - Filled all the details..
12:58:36.000 [main] INFO  rahulshetty.testCases.TC001_UserRegister - Registration successfully completed.
12:58:36.001 [main] INFO  rahulshetty.testCases.TC001_UserRegister - Validating Expected Message...
12:58:48.773 [main] INFO  rahulshetty.testCases.TC002_LoginTest - BeforeClass is executed...
12:58:48.775 [main] INFO  rahulshetty.testCases.TC002_LoginTest - -->Starting TC002_LoginTest
12:58:49.385 [main] INFO  rahulshetty.testCases.TC002_LoginTest - login user account...
12:58:49.506 [main] INFO  rahulshetty.testCases.TC002_LoginTest - Logout user account...
12:58:49.506 [main] INFO  rahulshetty.testCases.TC002_LoginTest - -->Finished TC002_LoginTest
13:06:52.622 [main] INFO  org.testng.internal.Utils - [TestNG] Running:
  C:\Users\manoj.kumar\eclipse-workspace\rahulshetty\grouping.xml

13:06:55.881 [main] INFO  rahulshetty.testCases.TC001_UserRegister - BeforeClass is executed...
13:06:55.904 [main] INFO  rahulshetty.testCases.TC001_UserRegister - ****Starting TC001_UserRegisterTest****
13:06:56.094 [main] INFO  rahulshetty.testCases.TC001_UserRegister - Clicked on Register button
13:06:56.098 [main] INFO  rahulshetty.testCases.TC001_UserRegister - Providing user details...
13:06:57.086 [main] INFO  rahulshetty.testCases.TC001_UserRegister - Filled all the details..
13:06:57.517 [main] INFO  rahulshetty.testCases.TC001_UserRegister - Registration successfully completed.
13:06:57.518 [main] INFO  rahulshetty.testCases.TC001_UserRegister - Validating Expected Message...
13:07:08.069 [main] INFO  rahulshetty.testCases.TC001_UserRegister - AfterClass is executed...
13:07:10.594 [main] INFO  rahulshetty.testCases.TC002_LoginTest - BeforeClass is executed...
13:07:10.596 [main] INFO  rahulshetty.testCases.TC002_LoginTest - -->Starting TC002_LoginTest
13:07:11.171 [main] INFO  rahulshetty.testCases.TC002_LoginTest - login user account...
13:07:11.307 [main] INFO  rahulshetty.testCases.TC002_LoginTest - Logout user account...
13:07:11.307 [main] INFO  rahulshetty.testCases.TC002_LoginTest - -->Finished TC002_LoginTest
13:07:11.489 [main] INFO  rahulshetty.testCases.TC002_LoginTest - AfterClass is executed...
13:07:50.306 [main] INFO  org.testng.internal.Utils - [TestNG] Running:
  C:\Users\manoj.kumar\eclipse-workspace\rahulshetty\grouping.xml

13:07:53.444 [main] INFO  rahulshetty.testCases.TC001_UserRegister - BeforeClass is executed...
13:07:53.468 [main] INFO  rahulshetty.testCases.TC001_UserRegister - ****Starting TC001_UserRegisterTest****
13:07:53.650 [main] INFO  rahulshetty.testCases.TC001_UserRegister - Clicked on Register button
13:07:53.654 [main] INFO  rahulshetty.testCases.TC001_UserRegister - Providing user details...
13:07:54.524 [main] INFO  rahulshetty.testCases.TC001_UserRegister - Filled all the details..
13:07:54.961 [main] INFO  rahulshetty.testCases.TC001_UserRegister - Registration successfully completed.
13:07:54.961 [main] INFO  rahulshetty.testCases.TC001_UserRegister - Validating Expected Message...
13:07:55.267 [main] INFO  rahulshetty.testCases.TC001_UserRegister - ****Finished TC001_UserRegisterTest****
13:07:55.507 [main] INFO  rahulshetty.testCases.TC001_UserRegister - AfterClass is executed...
13:07:57.962 [main] INFO  rahulshetty.testCases.TC002_LoginTest - BeforeClass is executed...
13:07:57.967 [main] INFO  rahulshetty.testCases.TC002_LoginTest - -->Starting TC002_LoginTest
13:07:58.489 [main] INFO  rahulshetty.testCases.TC002_LoginTest - login user account...
13:07:58.644 [main] INFO  rahulshetty.testCases.TC002_LoginTest - Logout user account...
13:07:58.644 [main] INFO  rahulshetty.testCases.TC002_LoginTest - -->Finished TC002_LoginTest
13:07:58.838 [main] INFO  rahulshetty.testCases.TC002_LoginTest - AfterClass is executed...
15:16:58.452 [main] INFO  org.testng.internal.Utils - [TestNG] Running:
  C:\Users\manoj.kumar\eclipse-workspace\rahulshetty\master.xml

15:17:02.897 [main] INFO  rahulshetty.testCases.TC002_LoginTest - BeforeClass is executed...
15:17:02.942 [main] INFO  rahulshetty.testCases.TC002_LoginTest - -->Starting TC002_LoginTest
15:17:03.505 [main] INFO  rahulshetty.testCases.TC002_LoginTest - login user account...
15:17:03.627 [main] INFO  rahulshetty.testCases.TC002_LoginTest - Logout user account...
15:17:03.627 [main] INFO  rahulshetty.testCases.TC002_LoginTest - -->Finished TC002_LoginTest
15:17:03.854 [main] INFO  rahulshetty.testCases.TC002_LoginTest - AfterClass is executed...
15:34:06.207 [main] INFO  org.testng.internal.Utils - [TestNG] Running:
  C:\Users\manoj.kumar\eclipse-workspace\rahulshetty\master.xml

15:34:09.277 [main] INFO  rahulshetty.testCases.TC003_LoginDDT - BeforeClass is executed...
15:34:09.527 [main] INFO  rahulshetty.testCases.TC003_LoginDDT - AfterClass is executed...
18:22:00.514 [main] INFO  org.testng.internal.Utils - [TestNG] Running:
  C:\Users\manoj.kumar\eclipse-workspace\rahulshetty\master.xml

18:22:04.229 [main] INFO  rahulshetty.testCases.TC003_LoginDDT - BeforeClass is executed...
18:22:05.314 [main] INFO  rahulshetty.testCases.TC003_LoginDDT - -->Starting TC003_LoginDDT
18:22:06.057 [main] INFO  rahulshetty.testCases.TC003_LoginDDT - -->Finished TC003_LoginDDT
18:22:06.065 [main] INFO  rahulshetty.testCases.TC003_LoginDDT - -->Starting TC003_LoginDDT
18:22:16.827 [main] INFO  rahulshetty.testCases.TC003_LoginDDT - AfterClass is executed...
18:24:52.909 [main] INFO  org.testng.internal.Utils - [TestNG] Running:
  C:\Users\manoj.kumar\eclipse-workspace\rahulshetty\grouping.xml

18:25:01.816 [main] INFO  rahulshetty.testCases.TC001_UserRegister - BeforeClass is executed...
18:25:01.843 [main] INFO  rahulshetty.testCases.TC001_UserRegister - ****Starting TC001_UserRegisterTest****
18:25:02.040 [main] INFO  rahulshetty.testCases.TC001_UserRegister - Clicked on Register button
18:25:02.043 [main] INFO  rahulshetty.testCases.TC001_UserRegister - Providing user details...
18:25:03.008 [main] INFO  rahulshetty.testCases.TC001_UserRegister - Filled all the details..
18:25:03.451 [main] INFO  rahulshetty.testCases.TC001_UserRegister - Registration successfully completed.
18:25:03.451 [main] INFO  rahulshetty.testCases.TC001_UserRegister - Validating Expected Message...
18:25:03.726 [main] INFO  rahulshetty.testCases.TC001_UserRegister - ****Finished TC001_UserRegisterTest****
18:25:03.951 [main] INFO  rahulshetty.testCases.TC001_UserRegister - AfterClass is executed...
18:25:06.445 [main] INFO  rahulshetty.testCases.TC002_LoginTest - BeforeClass is executed...
18:25:06.448 [main] INFO  rahulshetty.testCases.TC002_LoginTest - -->Starting TC002_LoginTest
18:25:07.051 [main] INFO  rahulshetty.testCases.TC002_LoginTest - login user account...
18:25:07.180 [main] INFO  rahulshetty.testCases.TC002_LoginTest - Logout user account...
18:25:07.180 [main] INFO  rahulshetty.testCases.TC002_LoginTest - -->Finished TC002_LoginTest
18:25:07.401 [main] INFO  rahulshetty.testCases.TC002_LoginTest - AfterClass is executed...
18:25:09.990 [main] INFO  rahulshetty.testCases.TC003_LoginDDT - BeforeClass is executed...
18:25:10.780 [main] INFO  rahulshetty.testCases.TC003_LoginDDT - -->Starting TC003_LoginDDT
18:25:11.473 [main] INFO  rahulshetty.testCases.TC003_LoginDDT - -->Finished TC003_LoginDDT
18:25:11.476 [main] INFO  rahulshetty.testCases.TC003_LoginDDT - -->Starting TC003_LoginDDT
18:25:22.424 [main] INFO  rahulshetty.testCases.TC003_LoginDDT - AfterClass is executed...
18:33:52.141 [main] INFO  org.testng.internal.Utils - [TestNG] Running:
  C:\Users\manoj.kumar\eclipse-workspace\rahulshetty\crossbrowsertesting.xml

18:33:57.543 [TestNG-tests-2] INFO  rahulshetty.testCases.TC001_UserRegister - BeforeClass is executed...
18:33:57.545 [TestNG-tests-1] INFO  rahulshetty.testCases.TC001_UserRegister - BeforeClass is executed...
18:33:57.578 [TestNG-tests-1] INFO  rahulshetty.testCases.TC001_UserRegister - ****Starting TC001_UserRegisterTest****
18:33:57.578 [TestNG-tests-2] INFO  rahulshetty.testCases.TC001_UserRegister - ****Starting TC001_UserRegisterTest****
18:33:57.806 [TestNG-tests-1] INFO  rahulshetty.testCases.TC001_UserRegister - Clicked on Register button
18:33:57.811 [TestNG-tests-1] INFO  rahulshetty.testCases.TC001_UserRegister - Providing user details...
18:33:57.821 [TestNG-tests-2] ERROR rahulshetty.testCases.TC001_UserRegister - Test Failed...
18:33:58.264 [TestNG-tests-1] ERROR rahulshetty.testCases.TC001_UserRegister - Test Failed...
18:33:59.531 [TestNG-tests-2] INFO  rahulshetty.testCases.TC001_UserRegister - AfterClass is executed...
18:34:03.807 [TestNG-tests-2] INFO  rahulshetty.testCases.TC002_LoginTest - BeforeClass is executed...
18:34:03.810 [TestNG-tests-2] INFO  rahulshetty.testCases.TC002_LoginTest - -->Starting TC002_LoginTest
18:34:04.415 [TestNG-tests-2] INFO  rahulshetty.testCases.TC002_LoginTest - login user account...
18:34:04.563 [TestNG-tests-2] INFO  rahulshetty.testCases.TC002_LoginTest - Logout user account...
18:34:04.563 [TestNG-tests-2] INFO  rahulshetty.testCases.TC002_LoginTest - -->Finished TC002_LoginTest
18:34:05.875 [TestNG-tests-2] INFO  rahulshetty.testCases.TC002_LoginTest - AfterClass is executed...
18:34:10.346 [TestNG-tests-2] INFO  rahulshetty.testCases.TC003_LoginDDT - BeforeClass is executed...
18:34:11.597 [TestNG-tests-2] INFO  rahulshetty.testCases.TC003_LoginDDT - -->Starting TC003_LoginDDT
18:34:12.399 [TestNG-tests-2] INFO  rahulshetty.testCases.TC003_LoginDDT - -->Finished TC003_LoginDDT
18:34:12.404 [TestNG-tests-2] INFO  rahulshetty.testCases.TC003_LoginDDT - -->Starting TC003_LoginDDT
18:34:24.477 [TestNG-tests-2] INFO  rahulshetty.testCases.TC003_LoginDDT - AfterClass is executed...
06:07:58.574 [main] INFO  org.testng.internal.Utils - [TestNG] Running:
  C:\Users\manoj.kumar\eclipse-workspace\rahulshetty\master.xml

06:08:07.006 [main] INFO  rahulshetty.testCases.TC003_LoginDDT - BeforeClass is executed...
06:08:07.930 [main] INFO  rahulshetty.testCases.TC003_LoginDDT - -->Starting TC003_LoginDDT
06:08:08.794 [main] INFO  rahulshetty.testCases.TC003_LoginDDT - -->Finished TC003_LoginDDT
06:08:08.800 [main] INFO  rahulshetty.testCases.TC003_LoginDDT - -->Starting TC003_LoginDDT
06:08:19.429 [main] INFO  rahulshetty.testCases.TC003_LoginDDT - AfterClass is executed...
15:29:12.236 [main] INFO  rahulshetty.testCases.TC003_LoginDDT - BeforeClass is executed...
15:29:13.425 [main] INFO  rahulshetty.testCases.TC003_LoginDDT - -->Starting TC003_LoginDDT
15:29:14.224 [main] INFO  rahulshetty.testCases.TC003_LoginDDT - -->Finished TC003_LoginDDT
15:29:14.229 [main] INFO  rahulshetty.testCases.TC003_LoginDDT - -->Starting TC003_LoginDDT
15:29:24.891 [main] INFO  rahulshetty.testCases.TC003_LoginDDT - AfterClass is executed...
15:30:21.307 [main] INFO  rahulshetty.testCases.TC003_LoginDDT - BeforeClass is executed...
15:30:22.219 [main] INFO  rahulshetty.testCases.TC003_LoginDDT - -->Starting TC003_LoginDDT
15:30:23.004 [main] INFO  rahulshetty.testCases.TC003_LoginDDT - -->Finished TC003_LoginDDT
15:30:23.007 [main] INFO  rahulshetty.testCases.TC003_LoginDDT - -->Starting TC003_LoginDDT
15:30:33.687 [main] INFO  rahulshetty.testCases.TC003_LoginDDT - AfterClass is executed...
15:32:24.995 [main] INFO  rahulshetty.testCases.TC003_LoginDDT - BeforeClass is executed...
15:32:25.840 [main] INFO  rahulshetty.testCases.TC003_LoginDDT - -->Starting TC003_LoginDDT
15:32:26.578 [main] INFO  rahulshetty.testCases.TC003_LoginDDT - -->Finished TC003_LoginDDT
15:32:26.586 [main] INFO  rahulshetty.testCases.TC003_LoginDDT - -->Starting TC003_LoginDDT
15:32:37.187 [main] INFO  rahulshetty.testCases.TC003_LoginDDT - AfterClass is executed...
15:35:31.988 [main] INFO  rahulshetty.testCases.TC001_UserRegister - BeforeClass is executed...
15:35:32.013 [main] INFO  rahulshetty.testCases.TC001_UserRegister - ****Starting TC001_UserRegisterTest****
15:35:32.252 [main] INFO  rahulshetty.testCases.TC001_UserRegister - Clicked on Register button
15:35:32.256 [main] INFO  rahulshetty.testCases.TC001_UserRegister - Providing user details...
15:35:33.243 [main] INFO  rahulshetty.testCases.TC001_UserRegister - Filled all the details..
15:35:33.735 [main] INFO  rahulshetty.testCases.TC001_UserRegister - Registration successfully completed.
15:35:33.735 [main] INFO  rahulshetty.testCases.TC001_UserRegister - Validating Expected Message...
15:35:34.041 [main] INFO  rahulshetty.testCases.TC001_UserRegister - ****Finished TC001_UserRegisterTest****
15:35:34.268 [main] INFO  rahulshetty.testCases.TC001_UserRegister - AfterClass is executed...
15:38:45.487 [main] INFO  rahulshetty.testCases.TC003_LoginDDT - BeforeClass is executed...
15:38:46.355 [main] INFO  rahulshetty.testCases.TC003_LoginDDT - -->Starting TC003_LoginDDT
15:38:47.016 [main] INFO  rahulshetty.testCases.TC003_LoginDDT - -->Finished TC003_LoginDDT
15:38:47.023 [main] INFO  rahulshetty.testCases.TC003_LoginDDT - -->Starting TC003_LoginDDT
15:38:57.627 [main] INFO  rahulshetty.testCases.TC003_LoginDDT - AfterClass is executed...
